c:\users\vincent\documents\git\octogris\builds\visualstudio2013\debug\firfilter.obj
c:\users\vincent\documents\git\octogris\builds\visualstudio2013\debug\sourcemover.obj
c:\users\vincent\documents\git\octogris\builds\visualstudio2013\debug\juce_audio_basics.obj
c:\users\vincent\documents\git\octogris\builds\visualstudio2013\debug\juce_data_structures.obj
c:\users\vincent\documents\git\octogris\builds\visualstudio2013\debug\juce_graphics.obj
c:\users\vincent\documents\git\octogris\builds\visualstudio2013\debug\juce_vst_wrapper.obj
c:\users\vincent\documents\git\octogris\builds\visualstudio2013\debug\octoleap.obj
c:\users\vincent\documents\git\octogris\builds\visualstudio2013\debug\pluginprocessor.obj
c:\users\vincent\documents\git\octogris\builds\visualstudio2013\debug\trajectories.obj
c:\users\vincent\documents\git\octogris\builds\visualstudio2013\debug\juce_audio_processors.obj
c:\users\vincent\documents\git\octogris\builds\visualstudio2013\debug\juce_pluginutilities.obj
c:\users\vincent\documents\git\octogris\builds\visualstudio2013\debug\juce_vst3_wrapper.obj
c:\users\vincent\documents\git\octogris\builds\visualstudio2013\debug\levelcomponent.obj
c:\users\vincent\documents\git\octogris\builds\visualstudio2013\debug\plugineditor.obj
c:\users\vincent\documents\git\octogris\builds\visualstudio2013\debug\binarydata.obj
c:\users\vincent\documents\git\octogris\builds\visualstudio2013\debug\juce_core.obj
c:\users\vincent\documents\git\octogris\builds\visualstudio2013\debug\juce_gui_extra.obj
c:\users\vincent\documents\git\octogris\builds\visualstudio2013\debug\fieldcomponent.obj
c:\users\vincent\documents\git\octogris\builds\visualstudio2013\debug\osccomponent.obj
c:\users\vincent\documents\git\octogris\builds\visualstudio2013\debug\juce_aax_wrapper.obj
c:\users\vincent\documents\git\octogris\builds\visualstudio2013\debug\juce_events.obj
c:\users\vincent\documents\git\octogris\builds\visualstudio2013\debug\juce_gui_basics.obj
c:\users\vincent\documents\git\octogris\builds\visualstudio2013\debug\vc100.pdb
c:\users\vincent\documents\git\octogris\builds\visualstudio2013\debug\juce_rtas_winutilities.obj
c:\users\vincent\documents\git\octogris\builds\visualstudio2013\debug\juce_rtas_digicode1.obj
c:\users\vincent\documents\git\octogris\builds\visualstudio2013\debug\juce_rtas_wrapper.obj
c:\users\vincent\documents\git\octogris\builds\visualstudio2013\debug\juce_rtas_digicode2.obj
c:\users\vincent\documents\git\octogris\builds\visualstudio2013\debug\juce_rtas_digicode3.obj
c:\users\vincent\documents\git\octogris\builds\visualstudio2013\debug\octogris2.dll
c:\users\vincent\documents\git\octogris\builds\visualstudio2013\debug\octogris2.dll.intermediate.manifest
c:\users\vincent\documents\git\octogris\builds\visualstudio2013\debug\octogris2.pdb
c:\users\vincent\documents\git\octogris\builds\visualstudio2013\debug\octogris2.lib
c:\users\vincent\documents\git\octogris\builds\visualstudio2013\debug\octogris2.exp
c:\users\vincent\documents\git\octogris\builds\visualstudio2013\debug\resources.res
c:\users\vincent\documents\git\octogris\builds\visualstudio2013\debug\pattern_match.obj
c:\users\vincent\documents\git\octogris\builds\visualstudio2013\debug\subtest.obj
c:\users\vincent\documents\git\octogris\builds\visualstudio2013\debug\cl.1440.read.1.tlog
c:\users\vincent\documents\git\octogris\builds\visualstudio2013\debug\cl.1440.write.1.tlog
c:\users\vincent\documents\git\octogris\builds\visualstudio2013\debug\cl.3276.read.1.tlog
c:\users\vincent\documents\git\octogris\builds\visualstudio2013\debug\cl.3276.write.1.tlog
c:\users\vincent\documents\git\octogris\builds\visualstudio2013\debug\cl.4472.read.1.tlog
c:\users\vincent\documents\git\octogris\builds\visualstudio2013\debug\cl.4472.write.1.tlog
c:\users\vincent\documents\git\octogris\builds\visualstudio2013\debug\cl.5584.read.1.tlog
c:\users\vincent\documents\git\octogris\builds\visualstudio2013\debug\cl.5584.write.1.tlog
c:\users\vincent\documents\git\octogris\builds\visualstudio2013\debug\cl.5608.read.1.tlog
c:\users\vincent\documents\git\octogris\builds\visualstudio2013\debug\cl.5608.write.1.tlog
c:\users\vincent\documents\git\octogris\builds\visualstudio2013\debug\cl.6448.read.1.tlog
c:\users\vincent\documents\git\octogris\builds\visualstudio2013\debug\cl.6448.write.1.tlog
c:\users\vincent\documents\git\octogris\builds\visualstudio2013\debug\cl.6536.read.1.tlog
c:\users\vincent\documents\git\octogris\builds\visualstudio2013\debug\cl.6536.write.1.tlog
c:\users\vincent\documents\git\octogris\builds\visualstudio2013\debug\cl.6672.read.1.tlog
c:\users\vincent\documents\git\octogris\builds\visualstudio2013\debug\cl.6672.write.1.tlog
c:\users\vincent\documents\git\octogris\builds\visualstudio2013\debug\cl.command.1.tlog
c:\users\vincent\documents\git\octogris\builds\visualstudio2013\debug\cl.read.1.tlog
c:\users\vincent\documents\git\octogris\builds\visualstudio2013\debug\cl.write.1.tlog
c:\users\vincent\documents\git\octogris\builds\visualstudio2013\debug\link-cvtres.read.1.tlog
c:\users\vincent\documents\git\octogris\builds\visualstudio2013\debug\link-cvtres.write.1.tlog
c:\users\vincent\documents\git\octogris\builds\visualstudio2013\debug\link.command.1.tlog
c:\users\vincent\documents\git\octogris\builds\visualstudio2013\debug\link.read.1.tlog
c:\users\vincent\documents\git\octogris\builds\visualstudio2013\debug\link.write.1.tlog
c:\users\vincent\documents\git\octogris\builds\visualstudio2013\debug\mt.command.1.tlog
c:\users\vincent\documents\git\octogris\builds\visualstudio2013\debug\mt.read.1.tlog
c:\users\vincent\documents\git\octogris\builds\visualstudio2013\debug\mt.write.1.tlog
c:\users\vincent\documents\git\octogris\builds\visualstudio2013\debug\octogris2.write.1.tlog
c:\users\vincent\documents\git\octogris\builds\visualstudio2013\debug\rc.command.1.tlog
c:\users\vincent\documents\git\octogris\builds\visualstudio2013\debug\rc.read.1.tlog
c:\users\vincent\documents\git\octogris\builds\visualstudio2013\debug\rc.write.1.tlog
c:\users\vincent\documents\git\octogris\builds\visualstudio2013\debug\vc100.idb
c:\users\vincent\documents\git\octogris\builds\visualstudio2013\debug\vc120.idb
c:\users\vincent\documents\git\octogris\builds\visualstudio2013\debug\vc120.pdb
c:\users\vincent\documents\git\octogris\builds\visualstudio2013\.\debug\octogris2.dll
c:\users\vincent\documents\git\octogris\builds\visualstudio2013\.\debug\octogris2.dll.intermediate.manifest
